This file contains any messages produced by compilers while
running configure, to aid debugging if configure makes a mistake.

It was created by json-c configure 0.13.99, which was
generated by GNU Autoconf 2.69.  Invocation command line was

  $ ./configure 

## --------- ##
## Platform. ##
## --------- ##

hostname = Rpi
uname -m = armv7l
uname -r = 4.9.59-v7+
uname -s = Linux
uname -v = #1047 SMP Sun Oct 29 12:19:23 GMT 2017

/usr/bin/uname -p = unknown
/bin/uname -X     = unknown

/bin/arch              = unknown
/usr/bin/arch -k       = unknown
/usr/convex/getsysinfo = unknown
/usr/bin/hostinfo      = unknown
/bin/machine           = unknown
/usr/bin/oslevel       = unknown
/bin/universe          = unknown

PATH: /usr/local/sbin
PATH: /usr/local/bin
PATH: /usr/sbin
PATH: /usr/bin
PATH: /sbin
PATH: /bin
PATH: /usr/local/games
PATH: /usr/games


## ----------- ##
## Core tests. ##
## ----------- ##

configure:2378: checking for a BSD-compatible install
configure:2446: result: /usr/bin/install -c
configure:2457: checking whether build environment is sane
configure:2512: result: yes
configure:2663: checking for a thread-safe mkdir -p
configure:2702: result: /bin/mkdir -p
configure:2709: checking for gawk
configure:2739: result: no
configure:2709: checking for mawk
configure:2725: found /usr/bin/mawk
configure:2736: result: mawk
configure:2747: checking whether make sets $(MAKE)
configure:2769: result: yes
configure:2798: checking whether make supports nested variables
configure:2815: result: yes
configure:2944: checking whether make sets $(MAKE)
configure:2966: result: yes
configure:2980: checking build system type
configure:2994: result: armv7l-unknown-linux-gnueabihf
configure:3014: checking host system type
configure:3027: result: armv7l-unknown-linux-gnueabihf
configure:3063: result: Multi-threaded support disabled. Use --enable-threading to enable.
configure:3082: result: RDRAND Hardware RNG Hash Seed disabled. Use --enable-rdrand to enable
configure:3098: checking whether make supports nested variables
configure:3115: result: yes
configure:3144: checking for style of include used by make
configure:3172: result: GNU
configure:3243: checking for gcc
configure:3270: result: /usr/bin/cc
configure:3499: checking for C compiler version
configure:3508: /usr/bin/cc --version >&5
cc (Raspbian 6.3.0-18+rpi1) 6.3.0 20170516
Copyright (C) 2016 Free Software Foundation, Inc.
This is free software; see the source for copying conditions.  There is NO
warranty; not even for MERCHANTABILITY or FITNESS FOR A PARTICULAR PURPOSE.

configure:3519: $? = 0
configure:3508: /usr/bin/cc -v >&5
Using built-in specs.
COLLECT_GCC=/usr/bin/cc
COLLECT_LTO_WRAPPER=/usr/lib/gcc/arm-linux-gnueabihf/6/lto-wrapper
Target: arm-linux-gnueabihf
Configured with: ../src/configure -v --with-pkgversion='Raspbian 6.3.0-18+rpi1' --with-bugurl=file:///usr/share/doc/gcc-6/README.Bugs --enable-languages=c,ada,c++,java,go,d,fortran,objc,obj-c++ --prefix=/usr --program-suffix=-6 --program-prefix=arm-linux-gnueabihf- --enable-shared --enable-linker-build-id --libexecdir=/usr/lib --without-included-gettext --enable-threads=posix --libdir=/usr/lib --enable-nls --with-sysroot=/ --enable-clocale=gnu --enable-libstdcxx-debug --enable-libstdcxx-time=yes --with-default-libstdcxx-abi=new --enable-gnu-unique-object --disable-libitm --disable-libquadmath --enable-plugin --with-system-zlib --disable-browser-plugin --enable-java-awt=gtk --enable-gtk-cairo --with-java-home=/usr/lib/jvm/java-1.5.0-gcj-6-armhf/jre --enable-java-home --with-jvm-root-dir=/usr/lib/jvm/java-1.5.0-gcj-6-armhf --with-jvm-jar-dir=/usr/lib/jvm-exports/java-1.5.0-gcj-6-armhf --with-arch-directory=arm --with-ecj-jar=/usr/share/java/eclipse-ecj.jar --with-target-system-zlib --enable-objc-gc=auto --enable-multiarch --disable-sjlj-exceptions --with-arch=armv6 --with-fpu=vfp --with-float=hard --enable-checking=release --build=arm-linux-gnueabihf --host=arm-linux-gnueabihf --target=arm-linux-gnueabihf
Thread model: posix
gcc version 6.3.0 20170516 (Raspbian 6.3.0-18+rpi1) 
configure:3519: $? = 0
configure:3508: /usr/bin/cc -V >&5
cc: error: unrecognized command line option '-V'
cc: fatal error: no input files
compilation terminated.
configure:3519: $? = 1
configure:3508: /usr/bin/cc -qversion >&5
cc: error: unrecognized command line option '-qversion'; did you mean '--version'?
cc: fatal error: no input files
compilation terminated.
configure:3519: $? = 1
configure:3539: checking whether the C compiler works
configure:3561: /usr/bin/cc    conftest.c  >&5
configure:3565: $? = 0
configure:3613: result: yes
configure:3616: checking for C compiler default output file name
configure:3618: result: a.out
configure:3624: checking for suffix of executables
configure:3631: /usr/bin/cc -o conftest    conftest.c  >&5
configure:3635: $? = 0
configure:3657: result: 
configure:3679: checking whether we are cross compiling
configure:3687: /usr/bin/cc -o conftest    conftest.c  >&5
configure:3691: $? = 0
configure:3698: ./conftest
configure:3702: $? = 0
configure:3717: result: no
configure:3722: checking for suffix of object files
configure:3744: /usr/bin/cc -c   conftest.c >&5
configure:3748: $? = 0
configure:3769: result: o
configure:3773: checking whether we are using the GNU C compiler
configure:3792: /usr/bin/cc -c   conftest.c >&5
configure:3792: $? = 0
configure:3801: result: yes
configure:3810: checking whether /usr/bin/cc accepts -g
configure:3830: /usr/bin/cc -c -g  conftest.c >&5
configure:3830: $? = 0
configure:3871: result: yes
configure:3888: checking for /usr/bin/cc option to accept ISO C89
configure:3951: /usr/bin/cc  -c -g -O2  conftest.c >&5
configure:3951: $? = 0
configure:3964: result: none needed
configure:3989: checking whether /usr/bin/cc understands -c and -o together
configure:4011: /usr/bin/cc -c conftest.c -o conftest2.o
configure:4014: $? = 0
configure:4011: /usr/bin/cc -c conftest.c -o conftest2.o
configure:4014: $? = 0
configure:4026: result: yes
configure:4045: checking dependency style of /usr/bin/cc
configure:4156: result: gcc3
configure:4172: checking for /usr/bin/cc option to accept ISO C99
configure:4321: /usr/bin/cc  -c -g -O2  conftest.c >&5
configure:4321: $? = 0
configure:4334: result: none needed
configure:4359: checking how to run the C preprocessor
configure:4390: /usr/bin/cc -E  conftest.c
configure:4390: $? = 0
configure:4404: /usr/bin/cc -E  conftest.c
conftest.c:11:28: fatal error: ac_nonexistent.h: No such file or directory
 #include <ac_nonexistent.h>
                            ^
compilation terminated.
configure:4404: $? = 1
configure: failed program was:
| /* confdefs.h */
| #define PACKAGE_NAME "json-c"
| #define PACKAGE_TARNAME "json-c"
| #define PACKAGE_VERSION "0.13.99"
| #define PACKAGE_STRING "json-c 0.13.99"
| #define PACKAGE_BUGREPORT "json-c@googlegroups.com"
| #define PACKAGE_URL ""
| #define PACKAGE "json-c"
| #define VERSION "0.13.99"
| /* end confdefs.h.  */
| #include <ac_nonexistent.h>
configure:4429: result: /usr/bin/cc -E
configure:4449: /usr/bin/cc -E  conftest.c
configure:4449: $? = 0
configure:4463: /usr/bin/cc -E  conftest.c
conftest.c:11:28: fatal error: ac_nonexistent.h: No such file or directory
 #include <ac_nonexistent.h>
                            ^
compilation terminated.
configure:4463: $? = 1
configure: failed program was:
| /* confdefs.h */
| #define PACKAGE_NAME "json-c"
| #define PACKAGE_TARNAME "json-c"
| #define PACKAGE_VERSION "0.13.99"
| #define PACKAGE_STRING "json-c 0.13.99"
| #define PACKAGE_BUGREPORT "json-c@googlegroups.com"
| #define PACKAGE_URL ""
| #define PACKAGE "json-c"
| #define VERSION "0.13.99"
| /* end confdefs.h.  */
| #include <ac_nonexistent.h>
configure:4492: checking for grep that handles long lines and -e
configure:4550: result: /bin/grep
configure:4555: checking for egrep
configure:4617: result: /bin/grep -E
configure:4622: checking for ANSI C header files
configure:4642: /usr/bin/cc -c -g -O2  conftest.c >&5
configure:4642: $? = 0
configure:4715: /usr/bin/cc -o conftest -g -O2   conftest.c  >&5
configure:4715: $? = 0
configure:4715: ./conftest
configure:4715: $? = 0
configure:4726: result: yes
configure:4739: checking for sys/types.h
configure:4739: /usr/bin/cc -c -g -O2  conftest.c >&5
configure:4739: $? = 0
configure:4739: result: yes
configure:4739: checking for sys/stat.h
configure:4739: /usr/bin/cc -c -g -O2  conftest.c >&5
configure:4739: $? = 0
configure:4739: result: yes
configure:4739: checking for stdlib.h
configure:4739: /usr/bin/cc -c -g -O2  conftest.c >&5
configure:4739: $? = 0
configure:4739: result: yes
configure:4739: checking for string.h
configure:4739: /usr/bin/cc -c -g -O2  conftest.c >&5
configure:4739: $? = 0
configure:4739: result: yes
configure:4739: checking for memory.h
configure:4739: /usr/bin/cc -c -g -O2  conftest.c >&5
configure:4739: $? = 0
configure:4739: result: yes
configure:4739: checking for strings.h
configure:4739: /usr/bin/cc -c -g -O2  conftest.c >&5
configure:4739: $? = 0
configure:4739: result: yes
configure:4739: checking for inttypes.h
configure:4739: /usr/bin/cc -c -g -O2  conftest.c >&5
configure:4739: $? = 0
configure:4739: result: yes
configure:4739: checking for stdint.h
configure:4739: /usr/bin/cc -c -g -O2  conftest.c >&5
configure:4739: $? = 0
configure:4739: result: yes
configure:4739: checking for unistd.h
configure:4739: /usr/bin/cc -c -g -O2  conftest.c >&5
configure:4739: $? = 0
configure:4739: result: yes
configure:4754: checking fcntl.h usability
configure:4754: /usr/bin/cc -c -g -O2  conftest.c >&5
configure:4754: $? = 0
configure:4754: result: yes
configure:4754: checking fcntl.h presence
configure:4754: /usr/bin/cc -E  conftest.c
configure:4754: $? = 0
configure:4754: result: yes
configure:4754: checking for fcntl.h
configure:4754: result: yes
configure:4754: checking limits.h usability
configure:4754: /usr/bin/cc -c -g -O2  conftest.c >&5
configure:4754: $? = 0
configure:4754: result: yes
configure:4754: checking limits.h presence
configure:4754: /usr/bin/cc -E  conftest.c
configure:4754: $? = 0
configure:4754: result: yes
configure:4754: checking for limits.h
configure:4754: result: yes
configure:4754: checking for strings.h
configure:4754: result: yes
configure:4754: checking syslog.h usability
configure:4754: /usr/bin/cc -c -g -O2  conftest.c >&5
configure:4754: $? = 0
configure:4754: result: yes
configure:4754: checking syslog.h presence
configure:4754: /usr/bin/cc -E  conftest.c
configure:4754: $? = 0
configure:4754: result: yes
configure:4754: checking for syslog.h
configure:4754: result: yes
configure:4754: checking for unistd.h
configure:4754: result: yes
configure:4754: checking sys/cdefs.h usability
configure:4754: /usr/bin/cc -c -g -O2  conftest.c >&5
configure:4754: $? = 0
configure:4754: result: yes
configure:4754: checking sys/cdefs.h presence
configure:4754: /usr/bin/cc -E  conftest.c
configure:4754: $? = 0
configure:4754: result: yes
configure:4754: checking for sys/cdefs.h
configure:4754: result: yes
configure:4754: checking sys/param.h usability
configure:4754: /usr/bin/cc -c -g -O2  conftest.c >&5
configure:4754: $? = 0
configure:4754: result: yes
configure:4754: checking sys/param.h presence
configure:4754: /usr/bin/cc -E  conftest.c
configure:4754: $? = 0
configure:4754: result: yes
configure:4754: checking for sys/param.h
configure:4754: result: yes
configure:4754: checking stdarg.h usability
configure:4754: /usr/bin/cc -c -g -O2  conftest.c >&5
configure:4754: $? = 0
configure:4754: result: yes
configure:4754: checking stdarg.h presence
configure:4754: /usr/bin/cc -E  conftest.c
configure:4754: $? = 0
configure:4754: result: yes
configure:4754: checking for stdarg.h
configure:4754: result: yes
configure:4754: checking locale.h usability
configure:4754: /usr/bin/cc -c -g -O2  conftest.c >&5
configure:4754: $? = 0
configure:4754: result: yes
configure:4754: checking locale.h presence
configure:4754: /usr/bin/cc -E  conftest.c
configure:4754: $? = 0
configure:4754: result: yes
configure:4754: checking for locale.h
configure:4754: result: yes
configure:4754: checking xlocale.h usability
configure:4754: /usr/bin/cc -c -g -O2  conftest.c >&5
configure:4754: $? = 0
configure:4754: result: yes
configure:4754: checking xlocale.h presence
configure:4754: /usr/bin/cc -E  conftest.c
configure:4754: $? = 0
configure:4754: result: yes
configure:4754: checking for xlocale.h
configure:4754: result: yes
configure:4754: checking endian.h usability
configure:4754: /usr/bin/cc -c -g -O2  conftest.c >&5
configure:4754: $? = 0
configure:4754: result: yes
configure:4754: checking endian.h presence
configure:4754: /usr/bin/cc -E  conftest.c
configure:4754: $? = 0
configure:4754: result: yes
configure:4754: checking for endian.h
configure:4754: result: yes
configure:4764: checking for inttypes.h
configure:4764: result: yes
configure:4774: checking for an ANSI C-conforming const
configure:4840: /usr/bin/cc -c -g -O2  conftest.c >&5
configure:4840: $? = 0
configure:4847: result: yes
configure:4855: checking for size_t
configure:4855: /usr/bin/cc -c -g -O2  conftest.c >&5
configure:4855: $? = 0
configure:4855: /usr/bin/cc -c -g -O2  conftest.c >&5
conftest.c: In function 'main':
conftest.c:69:21: error: expected expression before ')' token
 if (sizeof ((size_t)))
                     ^
configure:4855: $? = 1
configure: failed program was:
| /* confdefs.h */
| #define PACKAGE_NAME "json-c"
| #define PACKAGE_TARNAME "json-c"
| #define PACKAGE_VERSION "0.13.99"
| #define PACKAGE_STRING "json-c 0.13.99"
| #define PACKAGE_BUGREPORT "json-c@googlegroups.com"
| #define PACKAGE_URL ""
| #define PACKAGE "json-c"
| #define VERSION "0.13.99"
| #define STDC_HEADERS 1
| #define HAVE_SYS_TYPES_H 1
| #define HAVE_SYS_STAT_H 1
| #define HAVE_STDLIB_H 1
| #define HAVE_STRING_H 1
| #define HAVE_MEMORY_H 1
| #define HAVE_STRINGS_H 1
| #define HAVE_INTTYPES_H 1
| #define HAVE_STDINT_H 1
| #define HAVE_UNISTD_H 1
| #define HAVE_FCNTL_H 1
| #define HAVE_LIMITS_H 1
| #define HAVE_STRINGS_H 1
| #define HAVE_SYSLOG_H 1
| #define HAVE_UNISTD_H 1
| #define HAVE_SYS_CDEFS_H 1
| #define HAVE_SYS_PARAM_H 1
| #define HAVE_STDARG_H 1
| #define HAVE_LOCALE_H 1
| #define HAVE_XLOCALE_H 1
| #define HAVE_ENDIAN_H 1
| #define JSON_C_HAVE_INTTYPES_H 1
| /* end confdefs.h.  */
| #include <stdio.h>
| #ifdef HAVE_SYS_TYPES_H
| # include <sys/types.h>
| #endif
| #ifdef HAVE_SYS_STAT_H
| # include <sys/stat.h>
| #endif
| #ifdef STDC_HEADERS
| # include <stdlib.h>
| # include <stddef.h>
| #else
| # ifdef HAVE_STDLIB_H
| #  include <stdlib.h>
| # endif
| #endif
| #ifdef HAVE_STRING_H
| # if !defined STDC_HEADERS && defined HAVE_MEMORY_H
| #  include <memory.h>
| # endif
| # include <string.h>
| #endif
| #ifdef HAVE_STRINGS_H
| # include <strings.h>
| #endif
| #ifdef HAVE_INTTYPES_H
| # include <inttypes.h>
| #endif
| #ifdef HAVE_STDINT_H
| # include <stdint.h>
| #endif
| #ifdef HAVE_UNISTD_H
| # include <unistd.h>
| #endif
| int
| main ()
| {
| if (sizeof ((size_t)))
| 	    return 0;
|   ;
|   return 0;
| }
configure:4855: result: yes
configure:4867: checking for __thread support
configure:4884: /usr/bin/cc -o conftest -g -O2   conftest.c  >&5
conftest.c: In function 'main':
conftest.c:38:1: warning: implicit declaration of function 'exit' [-Wimplicit-function-declaration]
 exit (foo (0));
 ^~~~
conftest.c:38:1: warning: incompatible implicit declaration of built-in function 'exit'
conftest.c:38:1: note: include '<stdlib.h>' or provide a declaration of 'exit'
configure:4884: $? = 0
configure:4893: result: yes
configure:4908: checking for vprintf
configure:4908: /usr/bin/cc -o conftest -g -O2   conftest.c  >&5
conftest.c:58:6: warning: conflicting types for built-in function 'vprintf'
 char vprintf ();
      ^~~~~~~
configure:4908: $? = 0
configure:4908: result: yes
configure:4914: checking for _doprnt
configure:4914: /usr/bin/cc -o conftest -g -O2   conftest.c  >&5
/tmp/ccSu9Aiy.o: In function `main':
/home/pi/json-c/conftest.c:70: undefined reference to `_doprnt'
collect2: error: ld returned 1 exit status
configure:4914: $? = 1
configure: failed program was:
| /* confdefs.h */
| #define PACKAGE_NAME "json-c"
| #define PACKAGE_TARNAME "json-c"
| #define PACKAGE_VERSION "0.13.99"
| #define PACKAGE_STRING "json-c 0.13.99"
| #define PACKAGE_BUGREPORT "json-c@googlegroups.com"
| #define PACKAGE_URL ""
| #define PACKAGE "json-c"
| #define VERSION "0.13.99"
| #define STDC_HEADERS 1
| #define HAVE_SYS_TYPES_H 1
| #define HAVE_SYS_STAT_H 1
| #define HAVE_STDLIB_H 1
| #define HAVE_STRING_H 1
| #define HAVE_MEMORY_H 1
| #define HAVE_STRINGS_H 1
| #define HAVE_INTTYPES_H 1
| #define HAVE_STDINT_H 1
| #define HAVE_UNISTD_H 1
| #define HAVE_FCNTL_H 1
| #define HAVE_LIMITS_H 1
| #define HAVE_STRINGS_H 1
| #define HAVE_SYSLOG_H 1
| #define HAVE_UNISTD_H 1
| #define HAVE_SYS_CDEFS_H 1
| #define HAVE_SYS_PARAM_H 1
| #define HAVE_STDARG_H 1
| #define HAVE_LOCALE_H 1
| #define HAVE_XLOCALE_H 1
| #define HAVE_ENDIAN_H 1
| #define JSON_C_HAVE_INTTYPES_H 1
| #define HAVE___THREAD 1
| #define SPEC___THREAD __thread
| #define HAVE_VPRINTF 1
| /* end confdefs.h.  */
| /* Define _doprnt to an innocuous variant, in case <limits.h> declares _doprnt.
|    For example, HP-UX 11i <limits.h> declares gettimeofday.  */
| #define _doprnt innocuous__doprnt
| 
| /* System header to define __stub macros and hopefully few prototypes,
|     which can conflict with char _doprnt (); below.
|     Prefer <limits.h> to <assert.h> if __STDC__ is defined, since
|     <limits.h> exists even on freestanding compilers.  */
| 
| #ifdef __STDC__
| # include <limits.h>
| #else
| # include <assert.h>
| #endif
| 
| #undef _doprnt
| 
| /* Override any GCC internal prototype to avoid an error.
|    Use char because int might match the return type of a GCC
|    builtin and then its argument prototype would still apply.  */
| #ifdef __cplusplus
| extern "C"
| #endif
| char _doprnt ();
| /* The GNU C library defines this for functions which it implements
|     to always fail with ENOSYS.  Some functions are actually named
|     something starting with __ and the normal name is an alias.  */
| #if defined __stub__doprnt || defined __stub____doprnt
| choke me
| #endif
| 
| int
| main ()
| {
| return _doprnt ();
|   ;
|   return 0;
| }
configure:4914: result: no
configure:4925: checking for working memcmp
configure:4968: /usr/bin/cc -o conftest -g -O2   conftest.c  >&5
configure:4968: $? = 0
configure:4968: ./conftest
configure:4968: $? = 0
configure:4978: result: yes
configure:4989: checking for realloc
configure:4989: /usr/bin/cc -o conftest -g -O2   conftest.c  >&5
conftest.c:59:6: warning: conflicting types for built-in function 'realloc'
 char realloc ();
      ^~~~~~~
configure:4989: $? = 0
configure:4989: result: yes
configure:5001: checking for strcasecmp
configure:5001: /usr/bin/cc -o conftest -g -O2   conftest.c  >&5
conftest.c:60:6: warning: conflicting types for built-in function 'strcasecmp'
 char strcasecmp ();
      ^~~~~~~~~~
configure:5001: $? = 0
configure:5001: result: yes
configure:5001: checking for strdup
configure:5001: /usr/bin/cc -o conftest -g -O2   conftest.c  >&5
conftest.c:61:6: warning: conflicting types for built-in function 'strdup'
 char strdup ();
      ^~~~~~
configure:5001: $? = 0
configure:5001: result: yes
configure:5001: checking for strerror
configure:5001: /usr/bin/cc -o conftest -g -O2   conftest.c  >&5
configure:5001: $? = 0
configure:5001: result: yes
configure:5001: checking for snprintf
configure:5001: /usr/bin/cc -o conftest -g -O2   conftest.c  >&5
conftest.c:63:6: warning: conflicting types for built-in function 'snprintf'
 char snprintf ();
      ^~~~~~~~
configure:5001: $? = 0
configure:5001: result: yes
configure:5001: checking for vsnprintf
configure:5001: /usr/bin/cc -o conftest -g -O2   conftest.c  >&5
conftest.c:64:6: warning: conflicting types for built-in function 'vsnprintf'
 char vsnprintf ();
      ^~~~~~~~~
configure:5001: $? = 0
configure:5001: result: yes
configure:5001: checking for vasprintf
configure:5001: /usr/bin/cc -o conftest -g -O2   conftest.c  >&5
configure:5001: $? = 0
configure:5001: result: yes
configure:5001: checking for open
configure:5001: /usr/bin/cc -o conftest -g -O2   conftest.c  >&5
configure:5001: $? = 0
configure:5001: result: yes
configure:5001: checking for vsyslog
configure:5001: /usr/bin/cc -o conftest -g -O2   conftest.c  >&5
configure:5001: $? = 0
configure:5001: result: yes
configure:5001: checking for strncasecmp
configure:5001: /usr/bin/cc -o conftest -g -O2   conftest.c  >&5
conftest.c:68:6: warning: conflicting types for built-in function 'strncasecmp'
 char strncasecmp ();
      ^~~~~~~~~~~
configure:5001: $? = 0
configure:5001: result: yes
configure:5001: checking for setlocale
configure:5001: /usr/bin/cc -o conftest -g -O2   conftest.c  >&5
configure:5001: $? = 0
configure:5001: result: yes
configure:5010: checking whether INFINITY is declared
configure:5010: /usr/bin/cc -c -g -O2  conftest.c >&5
configure:5010: $? = 0
configure:5010: result: yes
configure:5022: checking whether nan is declared
configure:5022: /usr/bin/cc -c -g -O2  conftest.c >&5
configure:5022: $? = 0
configure:5022: result: yes
configure:5034: checking whether isnan is declared
configure:5034: /usr/bin/cc -c -g -O2  conftest.c >&5
configure:5034: $? = 0
configure:5034: result: yes
configure:5046: checking whether isinf is declared
configure:5046: /usr/bin/cc -c -g -O2  conftest.c >&5
configure:5046: $? = 0
configure:5046: result: yes
configure:5058: checking whether _isnan is declared
configure:5058: /usr/bin/cc -c -g -O2  conftest.c >&5
conftest.c: In function 'main':
conftest.c:60:10: error: '_isnan' undeclared (first use in this function)
   (void) _isnan;
          ^~~~~~
conftest.c:60:10: note: each undeclared identifier is reported only once for each function it appears in
configure:5058: $? = 1
configure: failed program was:
| /* confdefs.h */
| #define PACKAGE_NAME "json-c"
| #define PACKAGE_TARNAME "json-c"
| #define PACKAGE_VERSION "0.13.99"
| #define PACKAGE_STRING "json-c 0.13.99"
| #define PACKAGE_BUGREPORT "json-c@googlegroups.com"
| #define PACKAGE_URL ""
| #define PACKAGE "json-c"
| #define VERSION "0.13.99"
| #define STDC_HEADERS 1
| #define HAVE_SYS_TYPES_H 1
| #define HAVE_SYS_STAT_H 1
| #define HAVE_STDLIB_H 1
| #define HAVE_STRING_H 1
| #define HAVE_MEMORY_H 1
| #define HAVE_STRINGS_H 1
| #define HAVE_INTTYPES_H 1
| #define HAVE_STDINT_H 1
| #define HAVE_UNISTD_H 1
| #define HAVE_FCNTL_H 1
| #define HAVE_LIMITS_H 1
| #define HAVE_STRINGS_H 1
| #define HAVE_SYSLOG_H 1
| #define HAVE_UNISTD_H 1
| #define HAVE_SYS_CDEFS_H 1
| #define HAVE_SYS_PARAM_H 1
| #define HAVE_STDARG_H 1
| #define HAVE_LOCALE_H 1
| #define HAVE_XLOCALE_H 1
| #define HAVE_ENDIAN_H 1
| #define JSON_C_HAVE_INTTYPES_H 1
| #define HAVE___THREAD 1
| #define SPEC___THREAD __thread
| #define HAVE_VPRINTF 1
| #define HAVE_REALLOC 1
| #define HAVE_STRCASECMP 1
| #define HAVE_STRDUP 1
| #define HAVE_STRERROR 1
| #define HAVE_SNPRINTF 1
| #define HAVE_VSNPRINTF 1
| #define HAVE_VASPRINTF 1
| #define HAVE_OPEN 1
| #define HAVE_VSYSLOG 1
| #define HAVE_STRNCASECMP 1
| #define HAVE_SETLOCALE 1
| #define HAVE_DECL_INFINITY 1
| #define HAVE_DECL_NAN 1
| #define HAVE_DECL_ISNAN 1
| #define HAVE_DECL_ISINF 1
| /* end confdefs.h.  */
| #include <float.h>
| 
| int
| main ()
| {
| #ifndef _isnan
| #ifdef __cplusplus
|   (void) _isnan;
| #else
|   (void) _isnan;
| #endif
| #endif
| 
|   ;
|   return 0;
| }
configure:5058: result: no
configure:5070: checking whether _finite is declared
configure:5070: /usr/bin/cc -c -g -O2  conftest.c >&5
conftest.c: In function 'main':
conftest.c:61:10: error: '_finite' undeclared (first use in this function)
   (void) _finite;
          ^~~~~~~
conftest.c:61:10: note: each undeclared identifier is reported only once for each function it appears in
configure:5070: $? = 1
configure: failed program was:
| /* confdefs.h */
| #define PACKAGE_NAME "json-c"
| #define PACKAGE_TARNAME "json-c"
| #define PACKAGE_VERSION "0.13.99"
| #define PACKAGE_STRING "json-c 0.13.99"
| #define PACKAGE_BUGREPORT "json-c@googlegroups.com"
| #define PACKAGE_URL ""
| #define PACKAGE "json-c"
| #define VERSION "0.13.99"
| #define STDC_HEADERS 1
| #define HAVE_SYS_TYPES_H 1
| #define HAVE_SYS_STAT_H 1
| #define HAVE_STDLIB_H 1
| #define HAVE_STRING_H 1
| #define HAVE_MEMORY_H 1
| #define HAVE_STRINGS_H 1
| #define HAVE_INTTYPES_H 1
| #define HAVE_STDINT_H 1
| #define HAVE_UNISTD_H 1
| #define HAVE_FCNTL_H 1
| #define HAVE_LIMITS_H 1
| #define HAVE_STRINGS_H 1
| #define HAVE_SYSLOG_H 1
| #define HAVE_UNISTD_H 1
| #define HAVE_SYS_CDEFS_H 1
| #define HAVE_SYS_PARAM_H 1
| #define HAVE_STDARG_H 1
| #define HAVE_LOCALE_H 1
| #define HAVE_XLOCALE_H 1
| #define HAVE_ENDIAN_H 1
| #define JSON_C_HAVE_INTTYPES_H 1
| #define HAVE___THREAD 1
| #define SPEC___THREAD __thread
| #define HAVE_VPRINTF 1
| #define HAVE_REALLOC 1
| #define HAVE_STRCASECMP 1
| #define HAVE_STRDUP 1
| #define HAVE_STRERROR 1
| #define HAVE_SNPRINTF 1
| #define HAVE_VSNPRINTF 1
| #define HAVE_VASPRINTF 1
| #define HAVE_OPEN 1
| #define HAVE_VSYSLOG 1
| #define HAVE_STRNCASECMP 1
| #define HAVE_SETLOCALE 1
| #define HAVE_DECL_INFINITY 1
| #define HAVE_DECL_NAN 1
| #define HAVE_DECL_ISNAN 1
| #define HAVE_DECL_ISINF 1
| #define HAVE_DECL__ISNAN 0
| /* end confdefs.h.  */
| #include <float.h>
| 
| int
| main ()
| {
| #ifndef _finite
| #ifdef __cplusplus
|   (void) _finite;
| #else
|   (void) _finite;
| #endif
| #endif
| 
|   ;
|   return 0;
| }
configure:5070: result: no
configure:5082: checking for GCC atomic builtins
configure:5101: /usr/bin/cc -o conftest -g -O2   conftest.c  >&5
configure:5101: $? = 0
configure:5103: result: yes
configure:5124: checking for uselocale
configure:5124: /usr/bin/cc -o conftest -g -O2   conftest.c  >&5
configure:5124: $? = 0
configure:5124: result: yes
configure:5150: /usr/bin/cc -o conftest -g -O2   conftest.c  >&5
configure:5150: $? = 0
configure:5167: checking if .gnu.warning accepts long strings
configure:5178: /usr/bin/cc -o conftest -g -O2   conftest.c  >&5
/tmp/ccPzQoxB.s: Assembler messages:
/tmp/ccPzQoxB.s:17: Error: character following name is not '#'
configure:5178: $? = 1
configure: failed program was:
| /* confdefs.h */
| #define PACKAGE_NAME "json-c"
| #define PACKAGE_TARNAME "json-c"
| #define PACKAGE_VERSION "0.13.99"
| #define PACKAGE_STRING "json-c 0.13.99"
| #define PACKAGE_BUGREPORT "json-c@googlegroups.com"
| #define PACKAGE_URL ""
| #define PACKAGE "json-c"
| #define VERSION "0.13.99"
| #define STDC_HEADERS 1
| #define HAVE_SYS_TYPES_H 1
| #define HAVE_SYS_STAT_H 1
| #define HAVE_STDLIB_H 1
| #define HAVE_STRING_H 1
| #define HAVE_MEMORY_H 1
| #define HAVE_STRINGS_H 1
| #define HAVE_INTTYPES_H 1
| #define HAVE_STDINT_H 1
| #define HAVE_UNISTD_H 1
| #define HAVE_FCNTL_H 1
| #define HAVE_LIMITS_H 1
| #define HAVE_STRINGS_H 1
| #define HAVE_SYSLOG_H 1
| #define HAVE_UNISTD_H 1
| #define HAVE_SYS_CDEFS_H 1
| #define HAVE_SYS_PARAM_H 1
| #define HAVE_STDARG_H 1
| #define HAVE_LOCALE_H 1
| #define HAVE_XLOCALE_H 1
| #define HAVE_ENDIAN_H 1
| #define JSON_C_HAVE_INTTYPES_H 1
| #define HAVE___THREAD 1
| #define SPEC___THREAD __thread
| #define HAVE_VPRINTF 1
| #define HAVE_REALLOC 1
| #define HAVE_STRCASECMP 1
| #define HAVE_STRDUP 1
| #define HAVE_STRERROR 1
| #define HAVE_SNPRINTF 1
| #define HAVE_VSNPRINTF 1
| #define HAVE_VASPRINTF 1
| #define HAVE_OPEN 1
| #define HAVE_VSYSLOG 1
| #define HAVE_STRNCASECMP 1
| #define HAVE_SETLOCALE 1
| #define HAVE_DECL_INFINITY 1
| #define HAVE_DECL_NAN 1
| #define HAVE_DECL_ISNAN 1
| #define HAVE_DECL_ISINF 1
| #define HAVE_DECL__ISNAN 0
| #define HAVE_DECL__FINITE 0
| #define HAVE_ATOMIC_BUILTINS 1
| #define HAVE_USELOCALE 1
| /* end confdefs.h.  */
| 
| extern void json_object_get();
| __asm__(".section .gnu.json_object_get,\n\t.ascii \"Please link against libjson-c instead of libjson\"\n\t.text");
| 
| int main(int c,char* v) {return 0;}
| 
configure:5188: result: no
configure:5248: checking how to print strings
configure:5275: result: printf
configure:5296: checking for a sed that does not truncate output
configure:5360: result: /bin/sed
configure:5378: checking for fgrep
configure:5440: result: /bin/grep -F
configure:5475: checking for ld used by /usr/bin/cc
configure:5542: result: /usr/bin/ld
configure:5549: checking if the linker (/usr/bin/ld) is GNU ld
configure:5564: result: yes
configure:5576: checking for BSD- or MS-compatible name lister (nm)
configure:5630: result: /usr/bin/nm -B
configure:5760: checking the name lister (/usr/bin/nm -B) interface
configure:5767: /usr/bin/cc -c -g -O2  conftest.c >&5
configure:5770: /usr/bin/nm -B "conftest.o"
configure:5773: output
00000000 B some_variable
configure:5780: result: BSD nm
configure:5783: checking whether ln -s works
configure:5787: result: yes
configure:5795: checking the maximum length of command line arguments
configure:5926: result: 1572864
configure:5974: checking how to convert armv7l-unknown-linux-gnueabihf file names to armv7l-unknown-linux-gnueabihf format
configure:6014: result: func_convert_file_noop
configure:6021: checking how to convert armv7l-unknown-linux-gnueabihf file names to toolchain format
configure:6041: result: func_convert_file_noop
configure:6048: checking for /usr/bin/ld option to reload object files
configure:6055: result: -r
configure:6129: checking for objdump
configure:6145: found /usr/bin/objdump
configure:6156: result: objdump
configure:6188: checking how to recognize dependent libraries
configure:6388: result: pass_all
configure:6473: checking for dlltool
configure:6503: result: no
configure:6533: checking how to associate runtime and link libraries
configure:6560: result: printf %s\n
configure:6620: checking for ar
configure:6636: found /usr/bin/ar
configure:6647: result: ar
configure:6684: checking for archiver @FILE support
configure:6701: /usr/bin/cc -c -g -O2  conftest.c >&5
configure:6701: $? = 0
configure:6704: ar cru libconftest.a @conftest.lst >&5
ar: `u' modifier ignored since `D' is the default (see `U')
configure:6707: $? = 0
configure:6712: ar cru libconftest.a @conftest.lst >&5
ar: `u' modifier ignored since `D' is the default (see `U')
ar: conftest.o: No such file or directory
configure:6715: $? = 1
configure:6727: result: @
configure:6785: checking for strip
configure:6801: found /usr/bin/strip
configure:6812: result: strip
configure:6884: checking for ranlib
configure:6900: found /usr/bin/ranlib
configure:6911: result: ranlib
configure:7013: checking command to parse /usr/bin/nm -B output from /usr/bin/cc object
configure:7166: /usr/bin/cc -c -g -O2  conftest.c >&5
configure:7169: $? = 0
configure:7173: /usr/bin/nm -B conftest.o \| sed -n -e 's/^.*[ ]\([ABCDGIRSTW][ABCDGIRSTW]*\)[ ][ ]*\([_A-Za-z][_A-Za-z0-9]*\)$/\1 \2 \2/p' | sed '/ __gnu_lto/d' \> conftest.nm
configure:7176: $? = 0
configure:7242: /usr/bin/cc -o conftest -g -O2   conftest.c conftstm.o >&5
configure:7245: $? = 0
configure:7283: result: ok
configure:7330: checking for sysroot
configure:7360: result: no
configure:7367: checking for a working dd
configure:7405: result: /bin/dd
configure:7409: checking how to truncate binary pipes
configure:7424: result: /bin/dd bs=4096 count=1
configure:7753: checking for mt
configure:7769: found /bin/mt
configure:7780: result: mt
configure:7803: checking if mt is a manifest tool
configure:7809: mt '-?'
configure:7817: result: no
configure:8491: checking for dlfcn.h
configure:8491: /usr/bin/cc -c -g -O2  conftest.c >&5
configure:8491: $? = 0
configure:8491: result: yes
configure:8747: checking for objdir
configure:8762: result: .libs
configure:9026: checking if /usr/bin/cc supports -fno-rtti -fno-exceptions
configure:9044: /usr/bin/cc -c -g -O2  -fno-rtti -fno-exceptions conftest.c >&5
cc1: warning: command line option '-fno-rtti' is valid for C++/ObjC++ but not for C
configure:9048: $? = 0
configure:9061: result: no
configure:9419: checking for /usr/bin/cc option to produce PIC
configure:9426: result: -fPIC -DPIC
configure:9434: checking if /usr/bin/cc PIC flag -fPIC -DPIC works
configure:9452: /usr/bin/cc -c -g -O2  -fPIC -DPIC -DPIC conftest.c >&5
configure:9456: $? = 0
configure:9469: result: yes
configure:9498: checking if /usr/bin/cc static flag -static works
configure:9526: result: yes
configure:9541: checking if /usr/bin/cc supports -c -o file.o
configure:9562: /usr/bin/cc -c -g -O2  -o out/conftest2.o conftest.c >&5
configure:9566: $? = 0
configure:9588: result: yes
configure:9596: checking if /usr/bin/cc supports -c -o file.o
configure:9643: result: yes
configure:9676: checking whether the /usr/bin/cc linker (/usr/bin/ld) supports shared libraries
configure:10939: result: yes
configure:10976: checking whether -lc should be explicitly linked in
configure:10984: /usr/bin/cc -c -g -O2  conftest.c >&5
configure:10987: $? = 0
configure:11002: /usr/bin/cc -shared  -fPIC -DPIC conftest.o  -v -Wl,-soname -Wl,conftest -o conftest 2\>\&1 \| /bin/grep  -lc  \>/dev/null 2\>\&1
configure:11005: $? = 0
configure:11019: result: no
configure:11179: checking dynamic linker characteristics
configure:11760: /usr/bin/cc -o conftest -g -O2   -Wl,-rpath -Wl,/foo conftest.c  >&5
configure:11760: $? = 0
configure:12009: result: GNU/Linux ld.so
configure:12131: checking how to hardcode library paths into programs
configure:12156: result: immediate
configure:12704: checking whether stripping libraries is possible
configure:12709: result: yes
configure:12744: checking if libtool supports shared libraries
configure:12746: result: yes
configure:12749: checking whether to build shared libraries
configure:12774: result: yes
configure:12777: checking whether to build static libraries
configure:12781: result: yes
configure:12831: checking for -Bsymbolic-functions linker flag
configure:12845: /usr/bin/cc -o conftest -g -O2  -Wl,-Bsymbolic-functions conftest.c  >&5
configure:12845: $? = 0
configure:12847: result: yes
configure:12875: checking whether C compiler accepts -Wall
configure:12894: /usr/bin/cc -c -g -O2  -Wall  conftest.c >&5
configure:12894: $? = 0
configure:12903: result: yes
configure:12919: : CFLAGS="$CFLAGS"
configure:12922: $? = 0
configure:12875: checking whether C compiler accepts -Werror
configure:12894: /usr/bin/cc -c -g -O2 -Wall  -Werror  conftest.c >&5
configure:12894: $? = 0
configure:12903: result: yes
configure:12919: : CFLAGS="$CFLAGS"
configure:12922: $? = 0
configure:12875: checking whether C compiler accepts -Wcast-qual
configure:12894: /usr/bin/cc -c -g -O2 -Wall -Werror  -Wcast-qual  conftest.c >&5
configure:12894: $? = 0
configure:12903: result: yes
configure:12919: : CFLAGS="$CFLAGS"
configure:12922: $? = 0
configure:12875: checking whether C compiler accepts -Wno-error=deprecated-declarations
configure:12894: /usr/bin/cc -c -g -O2 -Wall -Werror -Wcast-qual  -Wno-error=deprecated-declarations  conftest.c >&5
configure:12894: $? = 0
configure:12903: result: yes
configure:12919: : CFLAGS="$CFLAGS"
configure:12922: $? = 0
configure:12950: checking whether C compiler accepts -Wextra
configure:12969: /usr/bin/cc -c -g -O2 -Wall -Werror -Wcast-qual -Wno-error=deprecated-declarations  -Wextra  conftest.c >&5
configure:12969: $? = 0
configure:12978: result: yes
configure:12994: : CFLAGS="$CFLAGS"
configure:12997: $? = 0
configure:12950: checking whether C compiler accepts -Wwrite-string
configure:12969: /usr/bin/cc -c -g -O2 -Wall -Werror -Wcast-qual -Wno-error=deprecated-declarations -Wextra  -Wwrite-string  conftest.c >&5
cc: error: unrecognized command line option '-Wwrite-string'; did you mean '-Wwrite-strings'?
configure:12969: $? = 1
configure: failed program was:
| /* confdefs.h */
| #define PACKAGE_NAME "json-c"
| #define PACKAGE_TARNAME "json-c"
| #define PACKAGE_VERSION "0.13.99"
| #define PACKAGE_STRING "json-c 0.13.99"
| #define PACKAGE_BUGREPORT "json-c@googlegroups.com"
| #define PACKAGE_URL ""
| #define PACKAGE "json-c"
| #define VERSION "0.13.99"
| #define STDC_HEADERS 1
| #define HAVE_SYS_TYPES_H 1
| #define HAVE_SYS_STAT_H 1
| #define HAVE_STDLIB_H 1
| #define HAVE_STRING_H 1
| #define HAVE_MEMORY_H 1
| #define HAVE_STRINGS_H 1
| #define HAVE_INTTYPES_H 1
| #define HAVE_STDINT_H 1
| #define HAVE_UNISTD_H 1
| #define HAVE_FCNTL_H 1
| #define HAVE_LIMITS_H 1
| #define HAVE_STRINGS_H 1
| #define HAVE_SYSLOG_H 1
| #define HAVE_UNISTD_H 1
| #define HAVE_SYS_CDEFS_H 1
| #define HAVE_SYS_PARAM_H 1
| #define HAVE_STDARG_H 1
| #define HAVE_LOCALE_H 1
| #define HAVE_XLOCALE_H 1
| #define HAVE_ENDIAN_H 1
| #define JSON_C_HAVE_INTTYPES_H 1
| #define HAVE___THREAD 1
| #define SPEC___THREAD __thread
| #define HAVE_VPRINTF 1
| #define HAVE_REALLOC 1
| #define HAVE_STRCASECMP 1
| #define HAVE_STRDUP 1
| #define HAVE_STRERROR 1
| #define HAVE_SNPRINTF 1
| #define HAVE_VSNPRINTF 1
| #define HAVE_VASPRINTF 1
| #define HAVE_OPEN 1
| #define HAVE_VSYSLOG 1
| #define HAVE_STRNCASECMP 1
| #define HAVE_SETLOCALE 1
| #define HAVE_DECL_INFINITY 1
| #define HAVE_DECL_NAN 1
| #define HAVE_DECL_ISNAN 1
| #define HAVE_DECL_ISINF 1
| #define HAVE_DECL__ISNAN 0
| #define HAVE_DECL__FINITE 0
| #define HAVE_ATOMIC_BUILTINS 1
| #define HAVE_USELOCALE 1
| #define HAVE_DLFCN_H 1
| #define LT_OBJDIR ".libs/"
| /* end confdefs.h.  */
| 
| int
| main ()
| {
| 
|   ;
|   return 0;
| }
configure:12978: result: no
configure:12950: checking whether C compiler accepts -Wno-unused-parameter
configure:12969: /usr/bin/cc -c -g -O2 -Wall -Werror -Wcast-qual -Wno-error=deprecated-declarations -Wextra  -Wno-unused-parameter  conftest.c >&5
configure:12969: $? = 0
configure:12978: result: yes
configure:12994: : CFLAGS="$CFLAGS"
configure:12997: $? = 0
configure:13025: checking whether C compiler accepts -D_GNU_SOURCE
configure:13044: /usr/bin/cc -c -g -O2 -Wall -Werror -Wcast-qual -Wno-error=deprecated-declarations -Wextra -Wno-unused-parameter  -D_GNU_SOURCE  conftest.c >&5
configure:13044: $? = 0
configure:13053: result: yes
configure:13069: : CFLAGS="$CFLAGS"
configure:13072: $? = 0
configure:13025: checking whether C compiler accepts -D_REENTRANT
configure:13044: /usr/bin/cc -c -g -O2 -Wall -Werror -Wcast-qual -Wno-error=deprecated-declarations -Wextra -Wno-unused-parameter -D_GNU_SOURCE  -D_REENTRANT  conftest.c >&5
configure:13044: $? = 0
configure:13053: result: yes
configure:13069: : CFLAGS="$CFLAGS"
configure:13072: $? = 0
configure:13095: checking size of int
configure:13115: /usr/bin/cc -c -g -O2 -Wall -Werror -Wcast-qual -Wno-error=deprecated-declarations -Wextra -Wno-unused-parameter -D_GNU_SOURCE -D_REENTRANT  conftest.c >&5
configure:13115: $? = 0
configure:13127: result: 4
configure:13135: checking size of long
configure:13155: /usr/bin/cc -c -g -O2 -Wall -Werror -Wcast-qual -Wno-error=deprecated-declarations -Wextra -Wno-unused-parameter -D_GNU_SOURCE -D_REENTRANT  conftest.c >&5
configure:13155: $? = 0
configure:13167: result: 4
configure:13175: checking size of long long
configure:13195: /usr/bin/cc -c -g -O2 -Wall -Werror -Wcast-qual -Wno-error=deprecated-declarations -Wextra -Wno-unused-parameter -D_GNU_SOURCE -D_REENTRANT  conftest.c >&5
conftest.c: In function 'main':
conftest.c:66:20: error: duplicate case value
 switch (0) case 0: case (sizeof (long long) == 4):;
                    ^~~~
conftest.c:66:12: error: previously used here
 switch (0) case 0: case (sizeof (long long) == 4):;
            ^~~~
configure:13195: $? = 1
configure: failed program was:
| /* confdefs.h */
| #define PACKAGE_NAME "json-c"
| #define PACKAGE_TARNAME "json-c"
| #define PACKAGE_VERSION "0.13.99"
| #define PACKAGE_STRING "json-c 0.13.99"
| #define PACKAGE_BUGREPORT "json-c@googlegroups.com"
| #define PACKAGE_URL ""
| #define PACKAGE "json-c"
| #define VERSION "0.13.99"
| #define STDC_HEADERS 1
| #define HAVE_SYS_TYPES_H 1
| #define HAVE_SYS_STAT_H 1
| #define HAVE_STDLIB_H 1
| #define HAVE_STRING_H 1
| #define HAVE_MEMORY_H 1
| #define HAVE_STRINGS_H 1
| #define HAVE_INTTYPES_H 1
| #define HAVE_STDINT_H 1
| #define HAVE_UNISTD_H 1
| #define HAVE_FCNTL_H 1
| #define HAVE_LIMITS_H 1
| #define HAVE_STRINGS_H 1
| #define HAVE_SYSLOG_H 1
| #define HAVE_UNISTD_H 1
| #define HAVE_SYS_CDEFS_H 1
| #define HAVE_SYS_PARAM_H 1
| #define HAVE_STDARG_H 1
| #define HAVE_LOCALE_H 1
| #define HAVE_XLOCALE_H 1
| #define HAVE_ENDIAN_H 1
| #define JSON_C_HAVE_INTTYPES_H 1
| #define HAVE___THREAD 1
| #define SPEC___THREAD __thread
| #define HAVE_VPRINTF 1
| #define HAVE_REALLOC 1
| #define HAVE_STRCASECMP 1
| #define HAVE_STRDUP 1
| #define HAVE_STRERROR 1
| #define HAVE_SNPRINTF 1
| #define HAVE_VSNPRINTF 1
| #define HAVE_VASPRINTF 1
| #define HAVE_OPEN 1
| #define HAVE_VSYSLOG 1
| #define HAVE_STRNCASECMP 1
| #define HAVE_SETLOCALE 1
| #define HAVE_DECL_INFINITY 1
| #define HAVE_DECL_NAN 1
| #define HAVE_DECL_ISNAN 1
| #define HAVE_DECL_ISINF 1
| #define HAVE_DECL__ISNAN 0
| #define HAVE_DECL__FINITE 0
| #define HAVE_ATOMIC_BUILTINS 1
| #define HAVE_USELOCALE 1
| #define HAVE_DLFCN_H 1
| #define LT_OBJDIR ".libs/"
| #define SIZEOF_INT 4
| #define SIZEOF_LONG 4
| /* end confdefs.h.  */
| #include "confdefs.h"
| #include <sys/types.h>
| 
| 
| int
| main ()
| {
| switch (0) case 0: case (sizeof (long long) == 4):;
|   ;
|   return 0;
| }
configure:13195: /usr/bin/cc -c -g -O2 -Wall -Werror -Wcast-qual -Wno-error=deprecated-declarations -Wextra -Wno-unused-parameter -D_GNU_SOURCE -D_REENTRANT  conftest.c >&5
configure:13195: $? = 0
configure:13207: result: 8
configure:13215: checking size of size_t
configure:13235: /usr/bin/cc -c -g -O2 -Wall -Werror -Wcast-qual -Wno-error=deprecated-declarations -Wextra -Wno-unused-parameter -D_GNU_SOURCE -D_REENTRANT  conftest.c >&5
configure:13235: $? = 0
configure:13247: result: 4
configure:13255: checking size of int64_t
configure:13275: /usr/bin/cc -c -g -O2 -Wall -Werror -Wcast-qual -Wno-error=deprecated-declarations -Wextra -Wno-unused-parameter -D_GNU_SOURCE -D_REENTRANT  conftest.c >&5
conftest.c: In function 'main':
conftest.c:68:20: error: duplicate case value
 switch (0) case 0: case (sizeof (int64_t) == 4):;
                    ^~~~
conftest.c:68:12: error: previously used here
 switch (0) case 0: case (sizeof (int64_t) == 4):;
            ^~~~
configure:13275: $? = 1
configure: failed program was:
| /* confdefs.h */
| #define PACKAGE_NAME "json-c"
| #define PACKAGE_TARNAME "json-c"
| #define PACKAGE_VERSION "0.13.99"
| #define PACKAGE_STRING "json-c 0.13.99"
| #define PACKAGE_BUGREPORT "json-c@googlegroups.com"
| #define PACKAGE_URL ""
| #define PACKAGE "json-c"
| #define VERSION "0.13.99"
| #define STDC_HEADERS 1
| #define HAVE_SYS_TYPES_H 1
| #define HAVE_SYS_STAT_H 1
| #define HAVE_STDLIB_H 1
| #define HAVE_STRING_H 1
| #define HAVE_MEMORY_H 1
| #define HAVE_STRINGS_H 1
| #define HAVE_INTTYPES_H 1
| #define HAVE_STDINT_H 1
| #define HAVE_UNISTD_H 1
| #define HAVE_FCNTL_H 1
| #define HAVE_LIMITS_H 1
| #define HAVE_STRINGS_H 1
| #define HAVE_SYSLOG_H 1
| #define HAVE_UNISTD_H 1
| #define HAVE_SYS_CDEFS_H 1
| #define HAVE_SYS_PARAM_H 1
| #define HAVE_STDARG_H 1
| #define HAVE_LOCALE_H 1
| #define HAVE_XLOCALE_H 1
| #define HAVE_ENDIAN_H 1
| #define JSON_C_HAVE_INTTYPES_H 1
| #define HAVE___THREAD 1
| #define SPEC___THREAD __thread
| #define HAVE_VPRINTF 1
| #define HAVE_REALLOC 1
| #define HAVE_STRCASECMP 1
| #define HAVE_STRDUP 1
| #define HAVE_STRERROR 1
| #define HAVE_SNPRINTF 1
| #define HAVE_VSNPRINTF 1
| #define HAVE_VASPRINTF 1
| #define HAVE_OPEN 1
| #define HAVE_VSYSLOG 1
| #define HAVE_STRNCASECMP 1
| #define HAVE_SETLOCALE 1
| #define HAVE_DECL_INFINITY 1
| #define HAVE_DECL_NAN 1
| #define HAVE_DECL_ISNAN 1
| #define HAVE_DECL_ISINF 1
| #define HAVE_DECL__ISNAN 0
| #define HAVE_DECL__FINITE 0
| #define HAVE_ATOMIC_BUILTINS 1
| #define HAVE_USELOCALE 1
| #define HAVE_DLFCN_H 1
| #define LT_OBJDIR ".libs/"
| #define SIZEOF_INT 4
| #define SIZEOF_LONG 4
| #define SIZEOF_LONG_LONG 8
| #define SIZEOF_SIZE_T 4
| /* end confdefs.h.  */
| #include "confdefs.h"
| #include <sys/types.h>
| #include <stdint.h>
| 
| int
| main ()
| {
| switch (0) case 0: case (sizeof (int64_t) == 4):;
|   ;
|   return 0;
| }
configure:13275: /usr/bin/cc -c -g -O2 -Wall -Werror -Wcast-qual -Wno-error=deprecated-declarations -Wextra -Wno-unused-parameter -D_GNU_SOURCE -D_REENTRANT  conftest.c >&5
configure:13275: $? = 0
configure:13287: result: 8
configure:13408: checking that generated files are newer than configure
configure:13414: result: done
configure:13437: creating ./config.status

## ---------------------- ##
## Running config.status. ##
## ---------------------- ##

This file was extended by json-c config.status 0.13.99, which was
generated by GNU Autoconf 2.69.  Invocation command line was

  CONFIG_FILES    = 
  CONFIG_HEADERS  = 
  CONFIG_LINKS    = 
  CONFIG_COMMANDS = 
  $ ./config.status 

on Rpi

config.status:1128: creating Makefile
config.status:1128: creating json-c.pc
config.status:1128: creating tests/Makefile
config.status:1128: creating json-c-uninstalled.pc
config.status:1128: creating config.h
config.status:1128: creating json_config.h
config.status:1357: executing depfiles commands
config.status:1357: executing libtool commands

## ---------------- ##
## Cache variables. ##
## ---------------- ##

ac_cv___thread=yes
ac_cv_build=armv7l-unknown-linux-gnueabihf
ac_cv_c_compiler_gnu=yes
ac_cv_c_const=yes
ac_cv_env_CC_set=set
ac_cv_env_CC_value=/usr/bin/cc
ac_cv_env_CFLAGS_set=
ac_cv_env_CFLAGS_value=
ac_cv_env_CPPFLAGS_set=
ac_cv_env_CPPFLAGS_value=
ac_cv_env_CPP_set=
ac_cv_env_CPP_value=
ac_cv_env_LDFLAGS_set=
ac_cv_env_LDFLAGS_value=
ac_cv_env_LIBS_set=
ac_cv_env_LIBS_value=
ac_cv_env_LT_SYS_LIBRARY_PATH_set=
ac_cv_env_LT_SYS_LIBRARY_PATH_value=
ac_cv_env_build_alias_set=
ac_cv_env_build_alias_value=
ac_cv_env_host_alias_set=
ac_cv_env_host_alias_value=
ac_cv_env_target_alias_set=
ac_cv_env_target_alias_value=
ac_cv_func__doprnt=no
ac_cv_func_memcmp_working=yes
ac_cv_func_open=yes
ac_cv_func_realloc=yes
ac_cv_func_setlocale=yes
ac_cv_func_snprintf=yes
ac_cv_func_strcasecmp=yes
ac_cv_func_strdup=yes
ac_cv_func_strerror=yes
ac_cv_func_strncasecmp=yes
ac_cv_func_uselocale=yes
ac_cv_func_vasprintf=yes
ac_cv_func_vprintf=yes
ac_cv_func_vsnprintf=yes
ac_cv_func_vsyslog=yes
ac_cv_have_decl_INFINITY=yes
ac_cv_have_decl__finite=no
ac_cv_have_decl__isnan=no
ac_cv_have_decl_isinf=yes
ac_cv_have_decl_isnan=yes
ac_cv_have_decl_nan=yes
ac_cv_header_dlfcn_h=yes
ac_cv_header_endian_h=yes
ac_cv_header_fcntl_h=yes
ac_cv_header_inttypes_h=yes
ac_cv_header_limits_h=yes
ac_cv_header_locale_h=yes
ac_cv_header_memory_h=yes
ac_cv_header_stdarg_h=yes
ac_cv_header_stdc=yes
ac_cv_header_stdint_h=yes
ac_cv_header_stdlib_h=yes
ac_cv_header_string_h=yes
ac_cv_header_strings_h=yes
ac_cv_header_sys_cdefs_h=yes
ac_cv_header_sys_param_h=yes
ac_cv_header_sys_stat_h=yes
ac_cv_header_sys_types_h=yes
ac_cv_header_syslog_h=yes
ac_cv_header_unistd_h=yes
ac_cv_header_xlocale_h=yes
ac_cv_host=armv7l-unknown-linux-gnueabihf
ac_cv_objext=o
ac_cv_path_EGREP='/bin/grep -E'
ac_cv_path_FGREP='/bin/grep -F'
ac_cv_path_GREP=/bin/grep
ac_cv_path_SED=/bin/sed
ac_cv_path_install='/usr/bin/install -c'
ac_cv_path_lt_DD=/bin/dd
ac_cv_path_mkdir=/bin/mkdir
ac_cv_prog_AWK=mawk
ac_cv_prog_CPP='/usr/bin/cc -E'
ac_cv_prog_ac_ct_AR=ar
ac_cv_prog_ac_ct_CC=/usr/bin/cc
ac_cv_prog_ac_ct_MANIFEST_TOOL=mt
ac_cv_prog_ac_ct_OBJDUMP=objdump
ac_cv_prog_ac_ct_RANLIB=ranlib
ac_cv_prog_ac_ct_STRIP=strip
ac_cv_prog_cc_c89=
ac_cv_prog_cc_c99=
ac_cv_prog_cc_g=yes
ac_cv_prog_make_make_set=yes
ac_cv_sizeof_int64_t=8
ac_cv_sizeof_int=4
ac_cv_sizeof_long=4
ac_cv_sizeof_long_long=8
ac_cv_sizeof_size_t=4
ac_cv_type_size_t=yes
am_cv_CC_dependencies_compiler_type=gcc3
am_cv_make_support_nested_variables=yes
am_cv_prog_cc_c_o=yes
ax_cv_check_cflags___D_GNU_SOURCE=yes
ax_cv_check_cflags___D_REENTRANT=yes
ax_cv_check_cflags___Wall=yes
ax_cv_check_cflags___Wcast_qual=yes
ax_cv_check_cflags___Werror=yes
ax_cv_check_cflags___Wextra=yes
ax_cv_check_cflags___Wno_error_deprecated_declarations=yes
ax_cv_check_cflags___Wno_unused_parameter=yes
ax_cv_check_cflags___Wwrite_string=no
lt_cv_ar_at_file=@
lt_cv_archive_cmds_need_lc=no
lt_cv_deplibs_check_method=pass_all
lt_cv_file_magic_cmd='$MAGIC_CMD'
lt_cv_file_magic_test_file=
lt_cv_ld_reload_flag=-r
lt_cv_nm_interface='BSD nm'
lt_cv_objdir=.libs
lt_cv_path_LD=/usr/bin/ld
lt_cv_path_NM='/usr/bin/nm -B'
lt_cv_path_mainfest_tool=no
lt_cv_prog_compiler_c_o=yes
lt_cv_prog_compiler_pic='-fPIC -DPIC'
lt_cv_prog_compiler_pic_works=yes
lt_cv_prog_compiler_rtti_exceptions=no
lt_cv_prog_compiler_static_works=yes
lt_cv_prog_gnu_ld=yes
lt_cv_sharedlib_from_linklib_cmd='printf %s\n'
lt_cv_shlibpath_overrides_runpath=no
lt_cv_sys_global_symbol_pipe='sed -n -e '\''s/^.*[	 ]\([ABCDGIRSTW][ABCDGIRSTW]*\)[	 ][	 ]*\([_A-Za-z][_A-Za-z0-9]*\)$/\1 \2 \2/p'\'' | sed '\''/ __gnu_lto/d'\'''
lt_cv_sys_global_symbol_to_c_name_address='sed -n -e '\''s/^: \(.*\) .*$/  {"\1", (void *) 0},/p'\'' -e '\''s/^[ABCDGIRSTW][ABCDGIRSTW]* .* \(.*\)$/  {"\1", (void *) \&\1},/p'\'''
lt_cv_sys_global_symbol_to_c_name_address_lib_prefix='sed -n -e '\''s/^: \(.*\) .*$/  {"\1", (void *) 0},/p'\'' -e '\''s/^[ABCDGIRSTW][ABCDGIRSTW]* .* \(lib.*\)$/  {"\1", (void *) \&\1},/p'\'' -e '\''s/^[ABCDGIRSTW][ABCDGIRSTW]* .* \(.*\)$/  {"lib\1", (void *) \&\1},/p'\'''
lt_cv_sys_global_symbol_to_cdecl='sed -n -e '\''s/^T .* \(.*\)$/extern int \1();/p'\'' -e '\''s/^[ABCDGIRSTW][ABCDGIRSTW]* .* \(.*\)$/extern char \1;/p'\'''
lt_cv_sys_global_symbol_to_import=
lt_cv_sys_max_cmd_len=1572864
lt_cv_to_host_file_cmd=func_convert_file_noop
lt_cv_to_tool_file_cmd=func_convert_file_noop
lt_cv_truncate_bin='/bin/dd bs=4096 count=1'

## ----------------- ##
## Output variables. ##
## ----------------- ##

ACLOCAL='${SHELL} /home/pi/json-c/missing aclocal-1.15'
AMDEPBACKSLASH='\'
AMDEP_FALSE='#'
AMDEP_TRUE=''
AMTAR='$${TAR-tar}'
AM_BACKSLASH='\'
AM_DEFAULT_V='$(AM_DEFAULT_VERBOSITY)'
AM_DEFAULT_VERBOSITY='0'
AM_V='$(V)'
AR='ar'
AUTOCONF='${SHELL} /home/pi/json-c/missing autoconf'
AUTOHEADER='${SHELL} /home/pi/json-c/missing autoheader'
AUTOMAKE='${SHELL} /home/pi/json-c/missing automake-1.15'
AWK='mawk'
CC='/usr/bin/cc'
CCDEPMODE='depmode=gcc3'
CFLAGS='-g -O2 -Wall -Werror -Wcast-qual -Wno-error=deprecated-declarations -Wextra -Wno-unused-parameter -D_GNU_SOURCE -D_REENTRANT'
CPP='/usr/bin/cc -E'
CPPFLAGS=''
CYGPATH_W='echo'
DEFS='-DHAVE_CONFIG_H'
DEPDIR='.deps'
DLLTOOL='false'
DSYMUTIL=''
DUMPBIN=''
ECHO_C=''
ECHO_N='-n'
ECHO_T=''
EGREP='/bin/grep -E'
EXEEXT=''
FGREP='/bin/grep -F'
GREP='/bin/grep'
INSTALL_DATA='${INSTALL} -m 644'
INSTALL_PROGRAM='${INSTALL}'
INSTALL_SCRIPT='${INSTALL}'
INSTALL_STRIP_PROGRAM='$(install_sh) -c -s'
JSON_BSYMBOLIC_LDFLAGS='-Wl,-Bsymbolic-functions'
LD='/usr/bin/ld'
LDFLAGS=''
LIBOBJS=''
LIBS=''
LIBTOOL='$(SHELL) $(top_builddir)/libtool'
LIPO=''
LN_S='ln -s'
LTLIBOBJS=''
LT_SYS_LIBRARY_PATH=''
MAKEINFO='${SHELL} /home/pi/json-c/missing makeinfo'
MANIFEST_TOOL=':'
MKDIR_P='/bin/mkdir -p'
NM='/usr/bin/nm -B'
NMEDIT=''
OBJDUMP='objdump'
OBJEXT='o'
OTOOL64=''
OTOOL=''
PACKAGE='json-c'
PACKAGE_BUGREPORT='json-c@googlegroups.com'
PACKAGE_NAME='json-c'
PACKAGE_STRING='json-c 0.13.99'
PACKAGE_TARNAME='json-c'
PACKAGE_URL=''
PACKAGE_VERSION='0.13.99'
PATH_SEPARATOR=':'
RANLIB='ranlib'
SED='/bin/sed'
SET_MAKE=''
SHELL='/bin/bash'
STRIP='strip'
VERSION='0.13.99'
ac_ct_AR='ar'
ac_ct_CC='/usr/bin/cc'
ac_ct_DUMPBIN=''
am__EXEEXT_FALSE=''
am__EXEEXT_TRUE='#'
am__fastdepCC_FALSE='#'
am__fastdepCC_TRUE=''
am__include='include'
am__isrc=''
am__leading_dot='.'
am__nodep='_no'
am__quote=''
am__tar='$${TAR-tar} chof - "$$tardir"'
am__untar='$${TAR-tar} xf -'
bindir='${exec_prefix}/bin'
build='armv7l-unknown-linux-gnueabihf'
build_alias=''
build_cpu='armv7l'
build_os='linux-gnueabihf'
build_vendor='unknown'
datadir='${datarootdir}'
datarootdir='${prefix}/share'
docdir='${datarootdir}/doc/${PACKAGE_TARNAME}'
dvidir='${docdir}'
exec_prefix='${prefix}'
host='armv7l-unknown-linux-gnueabihf'
host_alias=''
host_cpu='armv7l'
host_os='linux-gnueabihf'
host_vendor='unknown'
htmldir='${docdir}'
includedir='${prefix}/include'
infodir='${datarootdir}/info'
install_sh='${SHELL} /home/pi/json-c/install-sh'
libdir='${exec_prefix}/lib'
libexecdir='${exec_prefix}/libexec'
localedir='${datarootdir}/locale'
localstatedir='${prefix}/var'
mandir='${datarootdir}/man'
mkdir_p='$(MKDIR_P)'
oldincludedir='/usr/include'
pdfdir='${docdir}'
prefix='/usr/local'
program_transform_name='s,x,x,'
psdir='${docdir}'
runstatedir='${localstatedir}/run'
sbindir='${exec_prefix}/sbin'
sharedstatedir='${prefix}/com'
sysconfdir='${prefix}/etc'
target_alias=''

## ----------- ##
## confdefs.h. ##
## ----------- ##

/* confdefs.h */
#define PACKAGE_NAME "json-c"
#define PACKAGE_TARNAME "json-c"
#define PACKAGE_VERSION "0.13.99"
#define PACKAGE_STRING "json-c 0.13.99"
#define PACKAGE_BUGREPORT "json-c@googlegroups.com"
#define PACKAGE_URL ""
#define PACKAGE "json-c"
#define VERSION "0.13.99"
#define STDC_HEADERS 1
#define HAVE_SYS_TYPES_H 1
#define HAVE_SYS_STAT_H 1
#define HAVE_STDLIB_H 1
#define HAVE_STRING_H 1
#define HAVE_MEMORY_H 1
#define HAVE_STRINGS_H 1
#define HAVE_INTTYPES_H 1
#define HAVE_STDINT_H 1
#define HAVE_UNISTD_H 1
#define HAVE_FCNTL_H 1
#define HAVE_LIMITS_H 1
#define HAVE_STRINGS_H 1
#define HAVE_SYSLOG_H 1
#define HAVE_UNISTD_H 1
#define HAVE_SYS_CDEFS_H 1
#define HAVE_SYS_PARAM_H 1
#define HAVE_STDARG_H 1
#define HAVE_LOCALE_H 1
#define HAVE_XLOCALE_H 1
#define HAVE_ENDIAN_H 1
#define JSON_C_HAVE_INTTYPES_H 1
#define HAVE___THREAD 1
#define SPEC___THREAD __thread
#define HAVE_VPRINTF 1
#define HAVE_REALLOC 1
#define HAVE_STRCASECMP 1
#define HAVE_STRDUP 1
#define HAVE_STRERROR 1
#define HAVE_SNPRINTF 1
#define HAVE_VSNPRINTF 1
#define HAVE_VASPRINTF 1
#define HAVE_OPEN 1
#define HAVE_VSYSLOG 1
#define HAVE_STRNCASECMP 1
#define HAVE_SETLOCALE 1
#define HAVE_DECL_INFINITY 1
#define HAVE_DECL_NAN 1
#define HAVE_DECL_ISNAN 1
#define HAVE_DECL_ISINF 1
#define HAVE_DECL__ISNAN 0
#define HAVE_DECL__FINITE 0
#define HAVE_ATOMIC_BUILTINS 1
#define HAVE_USELOCALE 1
#define HAVE_DLFCN_H 1
#define LT_OBJDIR ".libs/"
#define SIZEOF_INT 4
#define SIZEOF_LONG 4
#define SIZEOF_LONG_LONG 8
#define SIZEOF_SIZE_T 4
#define SIZEOF_INT64_T 8

configure: exit 0
